[INFO] Scanning for projects...
[INFO]                                                                         
[INFO] ------------------------------------------------------------------------
[INFO] Building GameGag 1.0.0-BUILD-SNAPSHOT
[INFO] ------------------------------------------------------------------------
[INFO] 
[INFO] >>> tomcat7-maven-plugin:2.2:run (default-cli) > process-classes @ blog >>>
[INFO] 
[INFO] --- jacoco-maven-plugin:0.7.5.201505241946:prepare-agent (pre-unit-test) @ blog ---
[INFO] surefireArgLine set to -javaagent:C:\\Users\\Nenex\\.m2\\repository\\org\\jacoco\\org.jacoco.agent\\0.7.5.201505241946\\org.jacoco.agent-0.7.5.201505241946-runtime.jar=destfile=C:\\Users\\Nenex\\Desktop\\RYM\\Projet_GameGag\\target\\coverage-reports\\jacoco-ut.exec
[INFO] 
[INFO] --- maven-resources-plugin:2.6:resources (default-resources) @ blog ---
[INFO] Using 'UTF-8' encoding to copy filtered resources.
[INFO] Copying 9 resources
[INFO] Copying 1 resource
[INFO] 
[INFO] --- maven-compiler-plugin:3.1:compile (default-compile) @ blog ---
[INFO] Nothing to compile - all classes are up to date
[INFO] 
[INFO] <<< tomcat7-maven-plugin:2.2:run (default-cli) < process-classes @ blog <<<
[INFO] 
[INFO] --- tomcat7-maven-plugin:2.2:run (default-cli) @ blog ---
[INFO] Running war on http://localhost:8080/
[INFO] Using existing Tomcat server configuration at C:\Users\Nenex\Desktop\RYM\Projet_GameGag\target\tomcat
[INFO] create webapp with contextPath: 
Nov 16, 2015 4:53:10 PM org.apache.coyote.AbstractProtocol init
INFO: Initializing ProtocolHandler ["http-bio-8080"]
Nov 16, 2015 4:53:10 PM org.apache.catalina.core.StandardService startInternal
INFO: Starting service Tomcat
Nov 16, 2015 4:53:10 PM org.apache.catalina.core.StandardEngine startInternal
INFO: Starting Servlet Engine: Apache Tomcat/7.0.47
Nov 16, 2015 4:53:15 PM org.apache.catalina.core.ApplicationContext log
INFO: Spring WebApplicationInitializers detected on classpath: [com.gamegag.config.ExampleApplicationConfig@263e5169]
Nov 16, 2015 4:53:16 PM org.apache.catalina.core.ApplicationContext log
INFO: Initializing Spring root WebApplicationContext
INFO : org.springframework.web.context.ContextLoader - Root WebApplicationContext: initialization started
INFO : org.springframework.web.context.support.AnnotationConfigWebApplicationContext - Refreshing Root WebApplicationContext: startup date [Mon Nov 16 16:53:16 CET 2015]; root of context hierarchy
INFO : org.springframework.web.context.support.AnnotationConfigWebApplicationContext - Registering annotated classes: [class com.gamegag.config.ExampleApplicationContext]
WARN : org.springframework.context.annotation.ConfigurationClassEnhancer - @Bean method ExampleApplicationContext.propertyPlaceHolderConfigurer is non-static and returns an object assignable to Spring's BeanFactoryPostProcessor interface. This will result in a failure to process annotations such as @Autowired, @Resource and @PostConstruct within the method's declaring @Configuration class. Add the 'static' modifier to this method to avoid these container lifecycle issues; see @Bean Javadoc for complete details
INFO : org.springframework.beans.factory.annotation.AutowiredAnnotationBeanPostProcessor - JSR-330 'javax.inject.Inject' annotation found and supported for autowiring
WARN : com.jolbox.bonecp.BoneCPConfig - Max Connections < 1. Setting to 20
INFO : org.springframework.web.servlet.mvc.method.annotation.RequestMappingHandlerMapping - Mapped "{[/admin],methods=[GET],params=[],headers=[],consumes=[],produces=[],custom=[]}" onto public java.lang.String com.gamegag.common.controller.AdminController.showAdminHomePage()
INFO : org.springframework.web.servlet.mvc.method.annotation.RequestMappingHandlerMapping - Mapped "{[/admin/manage],methods=[GET],params=[],headers=[],consumes=[],produces=[],custom=[]}" onto public java.lang.String com.gamegag.common.controller.AdminController.showAdminManagePage()
INFO : org.springframework.web.servlet.mvc.method.annotation.RequestMappingHandlerMapping - Mapped "{[/admin/list],methods=[GET],params=[],headers=[],consumes=[],produces=[],custom=[]}" onto public java.lang.String com.gamegag.common.controller.AdminController.showAdminListPage()
INFO : org.springframework.web.servlet.mvc.method.annotation.RequestMappingHandlerMapping - Mapped "{[/],methods=[GET],params=[],headers=[],consumes=[],produces=[],custom=[]}" onto public java.lang.String com.gamegag.common.controller.HomeController.showHomePage()
INFO : org.springframework.web.servlet.mvc.method.annotation.RequestMappingHandlerMapping - Mapped "{[/public],methods=[GET],params=[],headers=[],consumes=[],produces=[],custom=[]}" onto public java.lang.String com.gamegag.common.controller.HomeController.showPublicPage()
INFO : org.springframework.web.servlet.mvc.method.annotation.RequestMappingHandlerMapping - Mapped "{[/403],methods=[GET],params=[],headers=[],consumes=[],produces=[],custom=[]}" onto public java.lang.String com.gamegag.common.controller.HomeController.showError403Page()
INFO : org.springframework.web.servlet.mvc.method.annotation.RequestMappingHandlerMapping - Mapped "{[/login],methods=[GET],params=[],headers=[],consumes=[],produces=[],custom=[]}" onto public java.lang.String com.gamegag.security.controller.LoginController.showLoginPage()
INFO : org.springframework.web.servlet.mvc.method.annotation.RequestMappingHandlerMapping - Mapped "{[/signup],methods=[GET],params=[],headers=[],consumes=[],produces=[],custom=[]}" onto public java.lang.String com.gamegag.security.controller.SignUpController.redirectRequestToRegistrationPage()
INFO : org.springframework.web.servlet.mvc.method.annotation.RequestMappingHandlerMapping - Mapped "{[/user/register],methods=[GET],params=[],headers=[],consumes=[],produces=[],custom=[]}" onto public java.lang.String com.gamegag.user.controller.RegistrationController.showRegistrationForm(org.springframework.web.context.request.WebRequest,org.springframework.ui.Model)
INFO : org.springframework.web.servlet.mvc.method.annotation.RequestMappingHandlerMapping - Mapped "{[/user/register],methods=[POST],params=[],headers=[],consumes=[],produces=[],custom=[]}" onto public java.lang.String com.gamegag.user.controller.RegistrationController.registerUserAccount(com.gamegag.user.dto.RegistrationForm,org.springframework.validation.BindingResult,org.springframework.web.context.request.WebRequest) throws com.gamegag.user.service.DuplicateEmailException
INFO : org.springframework.web.servlet.mvc.method.annotation.RequestMappingHandlerMapping - Mapped "{[/connect/{providerId}],methods=[POST],params=[],headers=[],consumes=[],produces=[],custom=[]}" onto public org.springframework.web.servlet.view.RedirectView org.springframework.social.connect.web.ConnectController.connect(java.lang.String,org.springframework.web.context.request.NativeWebRequest)
INFO : org.springframework.web.servlet.mvc.method.annotation.RequestMappingHandlerMapping - Mapped "{[/connect/{providerId}/{providerUserId}],methods=[DELETE],params=[],headers=[],consumes=[],produces=[],custom=[]}" onto public org.springframework.web.servlet.view.RedirectView org.springframework.social.connect.web.ConnectController.removeConnection(java.lang.String,java.lang.String,org.springframework.web.context.request.NativeWebRequest)
INFO : org.springframework.web.servlet.mvc.method.annotation.RequestMappingHandlerMapping - Mapped "{[/connect/{providerId}],methods=[GET],params=[],headers=[],consumes=[],produces=[],custom=[]}" onto public java.lang.String org.springframework.social.connect.web.ConnectController.connectionStatus(java.lang.String,org.springframework.web.context.request.NativeWebRequest,org.springframework.ui.Model)
INFO : org.springframework.web.servlet.mvc.method.annotation.RequestMappingHandlerMapping - Mapped "{[/connect],methods=[GET],params=[],headers=[],consumes=[],produces=[],custom=[]}" onto public java.lang.String org.springframework.social.connect.web.ConnectController.connectionStatus(org.springframework.web.context.request.NativeWebRequest,org.springframework.ui.Model)
INFO : org.springframework.web.servlet.mvc.method.annotation.RequestMappingHandlerMapping - Mapped "{[/connect/{providerId}],methods=[GET],params=[oauth_token],headers=[],consumes=[],produces=[],custom=[]}" onto public org.springframework.web.servlet.view.RedirectView org.springframework.social.connect.web.ConnectController.oauth1Callback(java.lang.String,org.springframework.web.context.request.NativeWebRequest)
INFO : org.springframework.web.servlet.mvc.method.annotation.RequestMappingHandlerMapping - Mapped "{[/connect/{providerId}],methods=[GET],params=[code],headers=[],consumes=[],produces=[],custom=[]}" onto public org.springframework.web.servlet.view.RedirectView org.springframework.social.connect.web.ConnectController.oauth2Callback(java.lang.String,org.springframework.web.context.request.NativeWebRequest)
INFO : org.springframework.web.servlet.mvc.method.annotation.RequestMappingHandlerMapping - Mapped "{[/connect/{providerId}],methods=[DELETE],params=[],headers=[],consumes=[],produces=[],custom=[]}" onto public org.springframework.web.servlet.view.RedirectView org.springframework.social.connect.web.ConnectController.removeConnections(java.lang.String,org.springframework.web.context.request.NativeWebRequest)
INFO : org.springframework.web.servlet.mvc.method.annotation.RequestMappingHandlerMapping - Mapped "{[/connect/{providerId}],methods=[GET],params=[error],headers=[],consumes=[],produces=[],custom=[]}" onto public org.springframework.web.servlet.view.RedirectView org.springframework.social.connect.web.ConnectController.oauth2ErrorCallback(java.lang.String,java.lang.String,java.lang.String,java.lang.String,org.springframework.web.context.request.NativeWebRequest)
INFO : org.springframework.web.servlet.handler.SimpleUrlHandlerMapping - Mapped URL path [/static/**] onto handler of type [class org.springframework.web.servlet.resource.ResourceHttpRequestHandler]
INFO : org.springframework.web.servlet.handler.SimpleUrlHandlerMapping - Mapped URL path [/**] onto handler of type [class org.springframework.web.servlet.resource.DefaultServletHttpRequestHandler]
INFO : org.springframework.web.context.ContextLoader - Root WebApplicationContext: initialization completed in 6358 ms
Nov 16, 2015 4:53:22 PM org.apache.catalina.core.ApplicationContext log
INFO: Initializing Spring FrameworkServlet 'dispatcher'
INFO : org.springframework.web.servlet.DispatcherServlet - FrameworkServlet 'dispatcher': initialization started
INFO : org.springframework.web.servlet.DispatcherServlet - FrameworkServlet 'dispatcher': initialization completed in 33 ms
Nov 16, 2015 4:53:22 PM org.apache.coyote.AbstractProtocol start
INFO: Starting ProtocolHandler ["http-bio-8080"]
